time="2025-09-06T17:51:34+05:30" level=info msg="ℹ️ No new migrations to apply"
time="2025-09-06T17:51:34+05:30" level=info msg="✅ DB connection successful"
{"level":"info","msg":"Microservice B started. gRPC server listening on :50051","time":"2025-09-06T17:51:34+05:30"}
{"level":"info","msg":"Microservice B REST server running on :8081","time":"2025-09-06T17:51:34+05:30"}

   ____    __
  / __/___/ /  ___
 / _// __/ _ \/ _ \
/___/\__/_//_/\___/ v4.13.4
High performance, minimalist Go web framework
https://echo.labstack.com
____________________________________O/_______
                                    O\
⇨ http server started on [::]:8081
2025/09/06 17:51:34 gRPC server running on :50051
2025/09/06 17:51:37 Sent data: value:80.6240180720776 sensor_type:"Temperature" id1:"A" id2:"1" timestamp:{seconds:1757161297 nanos:30630513}
2025/09/06 17:51:38 Sent data: value:69.33205184271861 sensor_type:"Temperature" id1:"A" id2:"1" timestamp:{seconds:1757161298 nanos:30539158}
2025/09/06 17:51:39 Sent data: value:10.106106471947651 sensor_type:"Temperature" id1:"A" id2:"1" timestamp:{seconds:1757161299 nanos:30451652}
2025/09/06 17:51:40 Sent data: value:82.31537548515871 sensor_type:"Temperature" id1:"A" id2:"1" timestamp:{seconds:1757161300 nanos:30451663}
2025/09/06 17:51:41 Sent data: value:98.85990890076378 sensor_type:"Temperature" id1:"A" id2:"1" timestamp:{seconds:1757161301 nanos:30449751}
2025/09/06 17:51:42 Sent data: value:48.67659356480368 sensor_type:"Temperature" id1:"A" id2:"1" timestamp:{seconds:1757161302 nanos:29677307}
2025/09/06 17:51:43 Sent data: value:5.506761916660208 sensor_type:"Temperature" id1:"A" id2:"1" timestamp:{seconds:1757161303 nanos:29668173}
2025/09/06 17:51:44 Sent data: value:24.01463683778609 sensor_type:"Temperature" id1:"A" id2:"1" timestamp:{seconds:1757161304 nanos:30383542}
2025/09/06 17:51:45 Sent data: value:78.64895442926294 sensor_type:"Temperature" id1:"A" id2:"1" timestamp:{seconds:1757161305 nanos:29785585}
2025/09/06 17:51:46 Sent data: value:42.8407075461825 sensor_type:"Temperature" id1:"A" id2:"1" timestamp:{seconds:1757161306 nanos:29758765}
2025/09/06 17:51:47 Sent data: value:69.99147016133585 sensor_type:"Temperature" id1:"A" id2:"1" timestamp:{seconds:1757161307 nanos:30822689}
2025/09/06 17:51:48 Sent data: value:37.689887730703056 sensor_type:"Temperature" id1:"A" id2:"1" timestamp:{seconds:1757161308 nanos:29873080}
2025/09/06 17:51:49 Sent data: value:62.851801483658676 sensor_type:"Temperature" id1:"A" id2:"1" timestamp:{seconds:1757161309 nanos:29862680}
2025/09/06 17:51:50 Sent data: value:10.594530272504649 sensor_type:"Temperature" id1:"A" id2:"1" timestamp:{seconds:1757161310 nanos:30427006}
2025/09/06 17:51:51 Sent data: value:8.848104934749932 sensor_type:"Temperature" id1:"A" id2:"1" timestamp:{seconds:1757161311 nanos:30381171}
2025/09/06 17:57:29 Stream error: rpc error: code = Canceled desc = context canceled
